<?xml version="1.0" encoding="UTF-8"?>
<!-- Generated by org.testng.reporters.JUnitReportReporter -->
<testsuite hostname="admin-PC" failures="0" tests="2" name="runner.TestRunner" time="151.971" errors="0" timestamp="2023-05-03T09:37:07 IST" skipped="0">
  <testcase classname="runner.TestRunner" name="runScenario" time="88.025"/>
  <system-out/>
  <testcase classname="runner.TestRunner" name="runScenario" time="63.946"/>
  <system-out/>
</testsuite> <!-- runner.TestRunner -->
